::1 - - [29/Oct/2025 12:03:18] code 404, message File not found
::1 - - [29/Oct/2025 12:03:18] "GET /.well-known/appspecific/com.chrome.devtools.json HTTP/1.1" 404 -
::1 - - [29/Oct/2025 12:03:22] "GET /dashboard.html HTTP/1.1" 304 -
::1 - - [29/Oct/2025 12:03:23] code 404, message File not found
::1 - - [29/Oct/2025 12:03:23] "GET /.well-known/appspecific/com.chrome.devtools.json HTTP/1.1" 404 -
::1 - - [29/Oct/2025 12:03:25] code 404, message File not found
::1 - - [29/Oct/2025 12:03:25] "GET /.well-known/appspecific/com.chrome.devtools.json HTTP/1.1" 404 -
::1 - - [29/Oct/2025 12:03:25] "GET /complete_lease_form.html HTTP/1.1" 304 -
::1 - - [29/Oct/2025 12:03:25] "GET /complete_lease_form.html HTTP/1.1" 304 -
::1 - - [29/Oct/2025 12:03:25] code 404, message File not found
::1 - - [29/Oct/2025 12:03:25] "GET /.well-known/appspecific/com.chrome.devtools.json HTTP/1.1" 404 -
::1 - - [29/Oct/2025 12:06:43] "GET /dashboard.html HTTP/1.1" 304 -
::1 - - [29/Oct/2025 12:06:43] code 404, message File not found
::1 - - [29/Oct/2025 12:06:43] "GET /.well-known/appspecific/com.chrome.devtools.json HTTP/1.1" 404 -
::1 - - [29/Oct/2025 12:06:45] "GET /lease_form.html HTTP/1.1" 304 -
::1 - - [29/Oct/2025 12:06:45] code 404, message File not found
::1 - - [29/Oct/2025 12:06:45] "GET /.well-known/appspecific/com.chrome.devtools.json HTTP/1.1" 404 -
::1 - - [29/Oct/2025 12:06:45] "GET /complete_lease_form.html HTTP/1.1" 200 -
::1 - - [29/Oct/2025 12:06:45] "GET /complete_lease_form.html HTTP/1.1" 200 -
::1 - - [29/Oct/2025 12:06:45] code 404, message File not found
::1 - - [29/Oct/2025 12:06:45] "GET /.well-known/appspecific/com.chrome.devtools.json HTTP/1.1" 404 -
::1 - - [29/Oct/2025 12:07:07] code 404, message File not found
::1 - - [29/Oct/2025 12:07:07] "GET /.well-known/appspecific/com.chrome.devtools.json HTTP/1.1" 404 -
::1 - - [29/Oct/2025 12:07:08] code 404, message File not found
::1 - - [29/Oct/2025 12:07:08] "GET /.well-known/appspecific/com.chrome.devtools.json HTTP/1.1" 404 -
::1 - - [29/Oct/2025 12:07:08] "GET /complete_lease_form.html HTTP/1.1" 304 -
::1 - - [29/Oct/2025 12:07:08] "GET /complete_lease_form.html HTTP/1.1" 304 -
::1 - - [29/Oct/2025 12:07:08] code 404, message File not found
::1 - - [29/Oct/2025 12:07:08] "GET /.well-known/appspecific/com.chrome.devtools.json HTTP/1.1" 404 -
::1 - - [29/Oct/2025 12:07:13] code 404, message File not found
::1 - - [29/Oct/2025 12:07:13] "GET /.well-known/appspecific/com.chrome.devtools.json HTTP/1.1" 404 -
::1 - - [29/Oct/2025 12:07:13] code 404, message File not found
::1 - - [29/Oct/2025 12:07:13] "GET /.well-known/appspecific/com.chrome.devtools.json HTTP/1.1" 404 -
::1 - - [29/Oct/2025 12:07:18] "GET /complete_lease_form.html HTTP/1.1" 304 -
::1 - - [29/Oct/2025 12:07:18] code 404, message File not found
::1 - - [29/Oct/2025 12:07:18] "GET /.well-known/appspecific/com.chrome.devtools.json HTTP/1.1" 404 -
::1 - - [29/Oct/2025 12:07:27] code 404, message File not found
::1 - - [29/Oct/2025 12:07:27] "GET /.well-known/appspecific/com.chrome.devtools.json HTTP/1.1" 404 -
::1 - - [29/Oct/2025 12:07:27] code 404, message File not found
::1 - - [29/Oct/2025 12:07:27] "GET /.well-known/appspecific/com.chrome.devtools.json HTTP/1.1" 404 -
::1 - - [29/Oct/2025 12:07:34] "GET /dashboard.html HTTP/1.1" 304 -
::1 - - [29/Oct/2025 12:07:34] code 404, message File not found
::1 - - [29/Oct/2025 12:07:34] "GET /.well-known/appspecific/com.chrome.devtools.json HTTP/1.1" 404 -
::1 - - [29/Oct/2025 12:07:37] code 404, message File not found
::1 - - [29/Oct/2025 12:07:37] "GET /.well-known/appspecific/com.chrome.devtools.json HTTP/1.1" 404 -
::1 - - [29/Oct/2025 12:07:37] "GET /complete_lease_form.html HTTP/1.1" 304 -
::1 - - [29/Oct/2025 12:07:37] "GET /complete_lease_form.html HTTP/1.1" 304 -
::1 - - [29/Oct/2025 12:07:37] code 404, message File not found
::1 - - [29/Oct/2025 12:07:37] "GET /.well-known/appspecific/com.chrome.devtools.json HTTP/1.1" 404 -
::1 - - [29/Oct/2025 12:18:19] "GET /login.html HTTP/1.1" 304 -
::1 - - [29/Oct/2025 12:18:23] code 404, message File not found
::1 - - [29/Oct/2025 12:18:23] "GET /.well-known/appspecific/com.chrome.devtools.json HTTP/1.1" 404 -
::1 - - [29/Oct/2025 12:18:28] "GET /dashboard.html HTTP/1.1" 200 -
::1 - - [29/Oct/2025 12:18:28] code 404, message File not found
::1 - - [29/Oct/2025 12:18:28] "GET /.well-known/appspecific/com.chrome.devtools.json HTTP/1.1" 404 -
::1 - - [29/Oct/2025 12:18:30] "GET /complete_lease_form.html HTTP/1.1" 304 -
::1 - - [29/Oct/2025 12:18:30] code 404, message File not found
::1 - - [29/Oct/2025 12:18:30] "GET /.well-known/appspecific/com.chrome.devtools.json HTTP/1.1" 404 -
::1 - - [29/Oct/2025 12:18:41] code 404, message File not found
::1 - - [29/Oct/2025 12:18:41] "GET /.well-known/appspecific/com.chrome.devtools.json HTTP/1.1" 404 -
::1 - - [29/Oct/2025 12:18:44] "GET /calculate.html?lease_id=7 HTTP/1.1" 200 -
::1 - - [29/Oct/2025 12:18:44] code 404, message File not found
::1 - - [29/Oct/2025 12:18:44] "GET /.well-known/appspecific/com.chrome.devtools.json HTTP/1.1" 404 -
::1 - - [29/Oct/2025 12:19:35] "GET /dashboard.html HTTP/1.1" 304 -
::1 - - [29/Oct/2025 12:19:35] code 404, message File not found
::1 - - [29/Oct/2025 12:19:35] "GET /.well-known/appspecific/com.chrome.devtools.json HTTP/1.1" 404 -
::1 - - [29/Oct/2025 12:19:36] "GET /complete_lease_form.html?id=7 HTTP/1.1" 200 -
::1 - - [29/Oct/2025 12:19:36] code 404, message File not found
::1 - - [29/Oct/2025 12:19:36] "GET /.well-known/appspecific/com.chrome.devtools.json HTTP/1.1" 404 -
::1 - - [29/Oct/2025 12:19:44] code 404, message File not found
::1 - - [29/Oct/2025 12:19:44] "GET /.well-known/appspecific/com.chrome.devtools.json HTTP/1.1" 404 -
::1 - - [29/Oct/2025 12:19:44] code 404, message File not found
::1 - - [29/Oct/2025 12:19:44] "GET /.well-known/appspecific/com.chrome.devtools.json HTTP/1.1" 404 -
::1 - - [29/Oct/2025 12:20:21] code 404, message File not found
::1 - - [29/Oct/2025 12:20:21] "GET /.well-known/appspecific/com.chrome.devtools.json HTTP/1.1" 404 -
::1 - - [29/Oct/2025 12:23:05] code 404, message File not found
::1 - - [29/Oct/2025 12:23:05] "GET /.well-known/appspecific/com.chrome.devtools.json HTTP/1.1" 404 -
::1 - - [29/Oct/2025 12:23:05] "GET /dashboard.html HTTP/1.1" 304 -
::1 - - [29/Oct/2025 12:23:05] code 404, message File not found
::1 - - [29/Oct/2025 12:23:05] "GET /.well-known/appspecific/com.chrome.devtools.json HTTP/1.1" 404 -
::1 - - [29/Oct/2025 12:23:08] "GET /complete_lease_form.html HTTP/1.1" 200 -
::1 - - [29/Oct/2025 12:23:08] code 404, message File not found
::1 - - [29/Oct/2025 12:23:08] "GET /.well-known/appspecific/com.chrome.devtools.json HTTP/1.1" 404 -
::1 - - [29/Oct/2025 12:23:14] code 404, message File not found
::1 - - [29/Oct/2025 12:23:14] "GET /.well-known/appspecific/com.chrome.devtools.json HTTP/1.1" 404 -
::1 - - [29/Oct/2025 12:23:17] "GET /calculate.html?lease_id=8 HTTP/1.1" 200 -
::1 - - [29/Oct/2025 12:23:17] code 404, message File not found
::1 - - [29/Oct/2025 12:23:17] "GET /.well-known/appspecific/com.chrome.devtools.json HTTP/1.1" 404 -
::1 - - [29/Oct/2025 12:23:49] code 404, message File not found
::1 - - [29/Oct/2025 12:23:49] "GET /.well-known/appspecific/com.chrome.devtools.json HTTP/1.1" 404 -
::1 - - [29/Oct/2025 12:26:37] "GET /dashboard.html HTTP/1.1" 304 -
::1 - - [29/Oct/2025 12:26:50] code 404, message File not found
::1 - - [29/Oct/2025 12:26:50] "GET /.well-known/appspecific/com.chrome.devtools.json HTTP/1.1" 404 -
::1 - - [29/Oct/2025 12:26:53] "GET /complete_lease_form.html HTTP/1.1" 200 -
::1 - - [29/Oct/2025 12:26:53] code 404, message File not found
::1 - - [29/Oct/2025 12:26:53] "GET /.well-known/appspecific/com.chrome.devtools.json HTTP/1.1" 404 -
::1 - - [29/Oct/2025 12:26:58] code 404, message File not found
::1 - - [29/Oct/2025 12:26:58] "GET /.well-known/appspecific/com.chrome.devtools.json HTTP/1.1" 404 -
::1 - - [29/Oct/2025 12:27:01] "GET /calculate.html?lease_id=9 HTTP/1.1" 200 -
::1 - - [29/Oct/2025 12:27:01] code 404, message File not found
::1 - - [29/Oct/2025 12:27:01] "GET /.well-known/appspecific/com.chrome.devtools.json HTTP/1.1" 404 -
::1 - - [29/Oct/2025 12:27:47] code 404, message File not found
::1 - - [29/Oct/2025 12:27:47] "GET /.well-known/appspecific/com.chrome.devtools.json HTTP/1.1" 404 -
::1 - - [29/Oct/2025 12:27:48] "GET /complete_lease_form.html?id=9 HTTP/1.1" 200 -
::1 - - [29/Oct/2025 12:27:48] code 404, message File not found
::1 - - [29/Oct/2025 12:27:48] "GET /.well-known/appspecific/com.chrome.devtools.json HTTP/1.1" 404 -
::1 - - [29/Oct/2025 12:32:34] "GET /login.html HTTP/1.1" 304 -
::1 - - [29/Oct/2025 12:32:40] "GET /dashboard.html HTTP/1.1" 304 -
::1 - - [29/Oct/2025 12:32:44] code 404, message File not found
::1 - - [29/Oct/2025 12:32:44] "GET /.well-known/appspecific/com.chrome.devtools.json HTTP/1.1" 404 -
::1 - - [29/Oct/2025 12:32:45] "GET /complete_lease_form.html HTTP/1.1" 304 -
::1 - - [29/Oct/2025 12:32:45] code 404, message File not found
::1 - - [29/Oct/2025 12:32:45] "GET /.well-known/appspecific/com.chrome.devtools.json HTTP/1.1" 404 -
::1 - - [29/Oct/2025 12:32:49] code 404, message File not found
::1 - - [29/Oct/2025 12:32:49] "GET /.well-known/appspecific/com.chrome.devtools.json HTTP/1.1" 404 -
::1 - - [29/Oct/2025 12:32:50] "GET /complete_lease_form.html?id=10 HTTP/1.1" 200 -
::1 - - [29/Oct/2025 12:32:50] code 404, message File not found
::1 - - [29/Oct/2025 12:32:50] "GET /.well-known/appspecific/com.chrome.devtools.json HTTP/1.1" 404 -
::1 - - [29/Oct/2025 12:32:54] code 404, message File not found
::1 - - [29/Oct/2025 12:32:54] "GET /.well-known/appspecific/com.chrome.devtools.json HTTP/1.1" 404 -
::1 - - [29/Oct/2025 12:32:56] code 404, message File not found
::1 - - [29/Oct/2025 12:32:56] "GET /.well-known/appspecific/com.chrome.devtools.json HTTP/1.1" 404 -
::1 - - [29/Oct/2025 12:33:08] code 404, message File not found
::1 - - [29/Oct/2025 12:33:08] "GET /.well-known/appspecific/com.chrome.devtools.json HTTP/1.1" 404 -
::1 - - [29/Oct/2025 12:33:08] "GET /calculate.html?lease_id=10 HTTP/1.1" 200 -
::1 - - [29/Oct/2025 12:33:08] code 404, message File not found
::1 - - [29/Oct/2025 12:33:08] "GET /.well-known/appspecific/com.chrome.devtools.json HTTP/1.1" 404 -
::1 - - [29/Oct/2025 12:33:40] code 404, message File not found
::1 - - [29/Oct/2025 12:33:40] "GET /.well-known/appspecific/com.chrome.devtools.json HTTP/1.1" 404 -
::1 - - [29/Oct/2025 12:33:41] "GET /complete_lease_form.html?id=10 HTTP/1.1" 304 -
::1 - - [29/Oct/2025 12:33:41] code 404, message File not found
::1 - - [29/Oct/2025 12:33:41] "GET /.well-known/appspecific/com.chrome.devtools.json HTTP/1.1" 404 -
::1 - - [29/Oct/2025 12:33:52] code 404, message File not found
::1 - - [29/Oct/2025 12:33:52] "GET /.well-known/appspecific/com.chrome.devtools.json HTTP/1.1" 404 -
::1 - - [29/Oct/2025 12:33:53] code 404, message File not found
::1 - - [29/Oct/2025 12:33:53] "GET /.well-known/appspecific/com.chrome.devtools.json HTTP/1.1" 404 -
::1 - - [29/Oct/2025 12:40:50] "GET /login.html HTTP/1.1" 200 -
::1 - - [29/Oct/2025 12:40:50] code 404, message File not found
::1 - - [29/Oct/2025 12:40:50] "GET /favicon.ico HTTP/1.1" 404 -
::1 - - [29/Oct/2025 12:40:59] code 404, message File not found
::1 - - [29/Oct/2025 12:40:59] "GET /.well-known/appspecific/com.chrome.devtools.json HTTP/1.1" 404 -
::1 - - [29/Oct/2025 12:41:00] "GET /dashboard.html HTTP/1.1" 200 -
::1 - - [29/Oct/2025 12:41:00] code 404, message File not found
::1 - - [29/Oct/2025 12:41:00] "GET /.well-known/appspecific/com.chrome.devtools.json HTTP/1.1" 404 -
::1 - - [29/Oct/2025 12:41:03] "GET /complete_lease_form.html?id=10 HTTP/1.1" 200 -
::1 - - [29/Oct/2025 12:41:03] code 404, message File not found
::1 - - [29/Oct/2025 12:41:03] "GET /.well-known/appspecific/com.chrome.devtools.json HTTP/1.1" 404 -
::1 - - [29/Oct/2025 12:41:08] code 404, message File not found
::1 - - [29/Oct/2025 12:41:08] "GET /.well-known/appspecific/com.chrome.devtools.json HTTP/1.1" 404 -
::1 - - [29/Oct/2025 12:41:09] code 404, message File not found
::1 - - [29/Oct/2025 12:41:09] "GET /.well-known/appspecific/com.chrome.devtools.json HTTP/1.1" 404 -
::1 - - [29/Oct/2025 12:41:16] code 404, message File not found
::1 - - [29/Oct/2025 12:41:16] "GET /.well-known/appspecific/com.chrome.devtools.json HTTP/1.1" 404 -
::1 - - [29/Oct/2025 12:41:17] "GET /calculate.html?lease_id=10 HTTP/1.1" 200 -
::1 - - [29/Oct/2025 12:41:17] code 404, message File not found
::1 - - [29/Oct/2025 12:41:17] "GET /.well-known/appspecific/com.chrome.devtools.json HTTP/1.1" 404 -
::1 - - [29/Oct/2025 13:55:33] "GET /login.html HTTP/1.1" 304 -
::1 - - [29/Oct/2025 13:55:37] code 404, message File not found
::1 - - [29/Oct/2025 13:55:37] "GET /.well-known/appspecific/com.chrome.devtools.json HTTP/1.1" 404 -
::1 - - [29/Oct/2025 13:56:59] "GET /dashboard.html HTTP/1.1" 304 -
::1 - - [29/Oct/2025 13:57:05] code 404, message File not found
::1 - - [29/Oct/2025 13:57:05] "GET /.well-known/appspecific/com.chrome.devtools.json HTTP/1.1" 404 -
::1 - - [29/Oct/2025 13:57:09] "GET /complete_lease_form.html HTTP/1.1" 200 -
::1 - - [29/Oct/2025 13:57:09] code 404, message File not found
::1 - - [29/Oct/2025 13:57:09] "GET /.well-known/appspecific/com.chrome.devtools.json HTTP/1.1" 404 -
::1 - - [29/Oct/2025 13:57:16] code 404, message File not found
::1 - - [29/Oct/2025 13:57:16] "GET /.well-known/appspecific/com.chrome.devtools.json HTTP/1.1" 404 -
::1 - - [29/Oct/2025 13:57:23] code 404, message File not found
::1 - - [29/Oct/2025 13:57:23] "GET /calculate.html?lease_id=11 HTTP/1.1" 404 -
::1 - - [29/Oct/2025 13:57:23] code 404, message File not found
::1 - - [29/Oct/2025 13:57:23] "GET /.well-known/appspecific/com.chrome.devtools.json HTTP/1.1" 404 -
